2019-03-14 11:38:48.9079|INFO|Microsoft.EntityFrameworkCore.Database.Command|Executed DbCommand (1ms) [Parameters=[], CommandType='Text', CommandTimeout='30']
SELECT CASE
    WHEN EXISTS (
        SELECT 1
        FROM [Cities] AS [c])
    THEN CAST(1 AS BIT) ELSE CAST(0 AS BIT)
END
2019-03-14 11:38:49.3802|INFO|Microsoft.AspNetCore.Hosting.Internal.WebHost|Request starting HTTP/1.1 DEBUG http://localhost:54908/  0
2019-03-14 11:38:49.3802|INFO|Microsoft.AspNetCore.Hosting.Internal.WebHost|Request starting HTTP/1.1 GET http://localhost:44320/  
2019-03-14 11:38:49.4395|INFO|Microsoft.AspNetCore.Hosting.Internal.WebHost|Request finished in 62.309ms 200 
2019-03-14 11:38:49.5418|INFO|Microsoft.AspNetCore.Hosting.Internal.WebHost|Request finished in 165.4174ms 200 
2019-03-14 11:38:49.5698|INFO|Microsoft.AspNetCore.Hosting.Internal.WebHost|Request starting HTTP/1.1 GET http://localhost:44320/favicon.ico  
2019-03-14 11:38:49.5737|INFO|Microsoft.AspNetCore.Hosting.Internal.WebHost|Request finished in 3.8968ms 200 
2019-03-14 11:39:02.8920|INFO|Microsoft.AspNetCore.Hosting.Internal.WebHost|Request starting HTTP/1.1 GET http://localhost:54908/api/citiesWithRepo  
2019-03-14 11:39:02.9158|INFO|Microsoft.AspNetCore.Mvc.Internal.ControllerActionInvoker|Route matched with {action = "GetCities", controller = "CitiesWithRepo"}. Executing action RestAPIStudyGuide.Controllers.Other.CitiesWithRepoController.GetCities (RestAPIStudyGuide)
2019-03-14 11:39:02.9333|INFO|Microsoft.EntityFrameworkCore.Infrastructure|Entity Framework Core 2.1.8-servicing-32085 initialized 'CityInfoDBContext' using provider 'Microsoft.EntityFrameworkCore.SqlServer' with options: None
2019-03-14 11:39:02.9333|INFO|Microsoft.EntityFrameworkCore.Database.Command|Executed DbCommand (0ms) [Parameters=[], CommandType='Text', CommandTimeout='30']
SELECT OBJECT_ID(N'[__EFMigrationsHistory]');
2019-03-14 11:39:02.9333|INFO|Microsoft.EntityFrameworkCore.Database.Command|Executed DbCommand (0ms) [Parameters=[], CommandType='Text', CommandTimeout='30']
SELECT OBJECT_ID(N'[__EFMigrationsHistory]');
2019-03-14 11:39:02.9333|INFO|Microsoft.EntityFrameworkCore.Database.Command|Executed DbCommand (0ms) [Parameters=[], CommandType='Text', CommandTimeout='30']
SELECT [MigrationId], [ProductVersion]
FROM [__EFMigrationsHistory]
ORDER BY [MigrationId];
2019-03-14 11:39:02.9511|INFO|Microsoft.EntityFrameworkCore.Migrations|No migrations were applied. The database is already up to date.
2019-03-14 11:39:02.9511|INFO|Microsoft.AspNetCore.Mvc.Internal.ControllerActionInvoker|Executing action method RestAPIStudyGuide.Controllers.Other.CitiesWithRepoController.GetCities (RestAPIStudyGuide) - Validation state: Valid
2019-03-14 11:39:05.2762|INFO|Microsoft.EntityFrameworkCore.Database.Command|Executed DbCommand (1ms) [Parameters=[], CommandType='Text', CommandTimeout='30']
SELECT [c].[Id], [c].[Description], [c].[Name]
FROM [Cities] AS [c]
ORDER BY [c].[Name]
2019-03-14 11:39:05.3531|INFO|Microsoft.AspNetCore.Mvc.Internal.ControllerActionInvoker|Executed action method RestAPIStudyGuide.Controllers.Other.CitiesWithRepoController.GetCities (RestAPIStudyGuide), returned result Microsoft.AspNetCore.Mvc.OkObjectResult in 2386.0563ms.
2019-03-14 11:39:05.3615|INFO|Microsoft.AspNetCore.Mvc.Infrastructure.ObjectResultExecutor|Executing ObjectResult, writing value of type 'System.Collections.Generic.List`1[[RestAPIStudyGuide.Models.Other.CityWithoutPointsOfInterestDto, RestAPIStudyGuide, Version=1.0.0.0, Culture=neutral, PublicKeyToken=null]]'.
2019-03-14 11:39:05.4086|INFO|Microsoft.AspNetCore.Mvc.Internal.ControllerActionInvoker|Executed action RestAPIStudyGuide.Controllers.Other.CitiesWithRepoController.GetCities (RestAPIStudyGuide) in 2487.5683ms
2019-03-14 11:39:05.4166|INFO|Microsoft.AspNetCore.Hosting.Internal.WebHost|Request finished in 2521.4687ms 200 application/json; charset=utf-8
2019-03-14 11:47:41.4771|INFO|Microsoft.EntityFrameworkCore.Database.Command|Executed DbCommand (0ms) [Parameters=[], CommandType='Text', CommandTimeout='30']
SELECT CASE
    WHEN EXISTS (
        SELECT 1
        FROM [Cities] AS [c])
    THEN CAST(1 AS BIT) ELSE CAST(0 AS BIT)
END
2019-03-14 11:47:41.8875|INFO|Microsoft.AspNetCore.Hosting.Internal.WebHost|Request starting HTTP/1.1 GET http://localhost:44320/  
2019-03-14 11:47:41.8875|INFO|Microsoft.AspNetCore.Hosting.Internal.WebHost|Request starting HTTP/1.1 DEBUG http://localhost:54908/  0
2019-03-14 11:47:41.9177|INFO|Microsoft.AspNetCore.Hosting.Internal.WebHost|Request finished in 32.5306ms 200 
2019-03-14 11:47:42.0145|INFO|Microsoft.AspNetCore.Hosting.Internal.WebHost|Request finished in 129.7968ms 200 
2019-03-14 11:47:42.0375|INFO|Microsoft.AspNetCore.Hosting.Internal.WebHost|Request starting HTTP/1.1 GET http://localhost:44320/favicon.ico  
2019-03-14 11:47:42.0375|INFO|Microsoft.AspNetCore.Hosting.Internal.WebHost|Request finished in 3.687ms 200 
2019-03-14 11:48:03.1322|INFO|Microsoft.AspNetCore.Hosting.Internal.WebHost|Request starting HTTP/1.1 GET http://localhost:54908/api/citiesWithRepo/1  
2019-03-14 11:48:03.1671|INFO|Microsoft.AspNetCore.Mvc.Internal.ControllerActionInvoker|Route matched with {action = "GetCity", controller = "CitiesWithRepo"}. Executing action RestAPIStudyGuide.Controllers.Other.CitiesWithRepoController.GetCity (RestAPIStudyGuide)
2019-03-14 11:48:03.1913|INFO|Microsoft.EntityFrameworkCore.Infrastructure|Entity Framework Core 2.1.8-servicing-32085 initialized 'CityInfoDBContext' using provider 'Microsoft.EntityFrameworkCore.SqlServer' with options: None
2019-03-14 11:48:03.1913|INFO|Microsoft.EntityFrameworkCore.Database.Command|Executed DbCommand (0ms) [Parameters=[], CommandType='Text', CommandTimeout='30']
SELECT OBJECT_ID(N'[__EFMigrationsHistory]');
2019-03-14 11:48:03.2239|INFO|Microsoft.EntityFrameworkCore.Database.Command|Executed DbCommand (23ms) [Parameters=[], CommandType='Text', CommandTimeout='30']
SELECT OBJECT_ID(N'[__EFMigrationsHistory]');
2019-03-14 11:48:03.2481|INFO|Microsoft.EntityFrameworkCore.Database.Command|Executed DbCommand (0ms) [Parameters=[], CommandType='Text', CommandTimeout='30']
SELECT [MigrationId], [ProductVersion]
FROM [__EFMigrationsHistory]
ORDER BY [MigrationId];
2019-03-14 11:48:03.2481|INFO|Microsoft.EntityFrameworkCore.Migrations|No migrations were applied. The database is already up to date.
2019-03-14 11:48:03.2734|INFO|Microsoft.AspNetCore.Mvc.Internal.ControllerActionInvoker|Executing action method RestAPIStudyGuide.Controllers.Other.CitiesWithRepoController.GetCity (RestAPIStudyGuide) with arguments (1, False) - Validation state: Valid
2019-03-14 11:48:06.5753|INFO|Microsoft.EntityFrameworkCore.Database.Command|Executed DbCommand (1ms) [Parameters=[@__cityId_0='?' (DbType = Int32)], CommandType='Text', CommandTimeout='30']
SELECT TOP(1) [c].[Id], [c].[Description], [c].[Name]
FROM [Cities] AS [c]
WHERE [c].[Id] = @__cityId_0
2019-03-14 11:48:06.6416|INFO|Microsoft.AspNetCore.Mvc.Internal.ControllerActionInvoker|Executed action method RestAPIStudyGuide.Controllers.Other.CitiesWithRepoController.GetCity (RestAPIStudyGuide), returned result Microsoft.AspNetCore.Mvc.OkObjectResult in 3362.4464ms.
2019-03-14 11:48:06.6416|INFO|Microsoft.AspNetCore.Mvc.Infrastructure.ObjectResultExecutor|Executing ObjectResult, writing value of type 'RestAPIStudyGuide.Models.Other.CityWithoutPointsOfInterestDto'.
2019-03-14 11:48:06.6847|INFO|Microsoft.AspNetCore.Mvc.Internal.ControllerActionInvoker|Executed action RestAPIStudyGuide.Controllers.Other.CitiesWithRepoController.GetCity (RestAPIStudyGuide) in 3511.7979ms
2019-03-14 11:48:06.6847|INFO|Microsoft.AspNetCore.Hosting.Internal.WebHost|Request finished in 3557.5327ms 200 application/json; charset=utf-8
2019-03-14 11:49:40.8426|INFO|Microsoft.EntityFrameworkCore.Database.Command|Executed DbCommand (0ms) [Parameters=[], CommandType='Text', CommandTimeout='30']
SELECT CASE
    WHEN EXISTS (
        SELECT 1
        FROM [Cities] AS [c])
    THEN CAST(1 AS BIT) ELSE CAST(0 AS BIT)
END
2019-03-14 11:49:41.2878|INFO|Microsoft.AspNetCore.Hosting.Internal.WebHost|Request starting HTTP/1.1 DEBUG http://localhost:54908/  0
2019-03-14 11:49:41.2878|INFO|Microsoft.AspNetCore.Hosting.Internal.WebHost|Request starting HTTP/1.1 GET http://localhost:44320/  
2019-03-14 11:49:41.3170|INFO|Microsoft.AspNetCore.Hosting.Internal.WebHost|Request finished in 31.3219ms 200 
2019-03-14 11:49:41.3960|INFO|Microsoft.AspNetCore.Hosting.Internal.WebHost|Request finished in 111.3033ms 200 
2019-03-14 11:49:41.4193|INFO|Microsoft.AspNetCore.Hosting.Internal.WebHost|Request starting HTTP/1.1 GET http://localhost:44320/favicon.ico  
2019-03-14 11:49:41.4193|INFO|Microsoft.AspNetCore.Hosting.Internal.WebHost|Request finished in 4.1738ms 200 
2019-03-14 11:50:13.3376|INFO|Microsoft.AspNetCore.Hosting.Internal.WebHost|Request starting HTTP/1.1 GET http://localhost:54908/api/citiesWithRepo/1?includePointsOfInterest=true  
2019-03-14 11:50:13.3723|INFO|Microsoft.AspNetCore.Mvc.Internal.ControllerActionInvoker|Route matched with {action = "GetCity", controller = "CitiesWithRepo"}. Executing action RestAPIStudyGuide.Controllers.Other.CitiesWithRepoController.GetCity (RestAPIStudyGuide)
2019-03-14 11:50:13.4026|INFO|Microsoft.EntityFrameworkCore.Infrastructure|Entity Framework Core 2.1.8-servicing-32085 initialized 'CityInfoDBContext' using provider 'Microsoft.EntityFrameworkCore.SqlServer' with options: None
2019-03-14 11:50:13.4026|INFO|Microsoft.EntityFrameworkCore.Database.Command|Executed DbCommand (0ms) [Parameters=[], CommandType='Text', CommandTimeout='30']
SELECT OBJECT_ID(N'[__EFMigrationsHistory]');
2019-03-14 11:50:13.4026|INFO|Microsoft.EntityFrameworkCore.Database.Command|Executed DbCommand (0ms) [Parameters=[], CommandType='Text', CommandTimeout='30']
SELECT OBJECT_ID(N'[__EFMigrationsHistory]');
2019-03-14 11:50:13.4374|INFO|Microsoft.EntityFrameworkCore.Database.Command|Executed DbCommand (0ms) [Parameters=[], CommandType='Text', CommandTimeout='30']
SELECT [MigrationId], [ProductVersion]
FROM [__EFMigrationsHistory]
ORDER BY [MigrationId];
2019-03-14 11:50:13.4374|INFO|Microsoft.EntityFrameworkCore.Migrations|No migrations were applied. The database is already up to date.
2019-03-14 11:50:13.4650|INFO|Microsoft.AspNetCore.Mvc.Internal.ControllerActionInvoker|Executing action method RestAPIStudyGuide.Controllers.Other.CitiesWithRepoController.GetCity (RestAPIStudyGuide) with arguments (1, True) - Validation state: Valid
2019-03-14 11:50:16.3400|INFO|Microsoft.EntityFrameworkCore.Database.Command|Executed DbCommand (1ms) [Parameters=[@__cityId_0='?' (DbType = Int32)], CommandType='Text', CommandTimeout='30']
SELECT TOP(1) [c].[Id], [c].[Description], [c].[Name]
FROM [Cities] AS [c]
WHERE [c].[Id] = @__cityId_0
ORDER BY [c].[Id]
2019-03-14 11:50:16.3996|INFO|Microsoft.EntityFrameworkCore.Database.Command|Executed DbCommand (2ms) [Parameters=[@__cityId_0='?' (DbType = Int32)], CommandType='Text', CommandTimeout='30']
SELECT [c.PointsOfInterest].[Id], [c.PointsOfInterest].[CityDtoId], [c.PointsOfInterest].[Description], [c.PointsOfInterest].[Name]
FROM [PointsOfInterest] AS [c.PointsOfInterest]
INNER JOIN (
    SELECT TOP(1) [c0].[Id]
    FROM [Cities] AS [c0]
    WHERE [c0].[Id] = @__cityId_0
    ORDER BY [c0].[Id]
) AS [t] ON [c.PointsOfInterest].[CityDtoId] = [t].[Id]
ORDER BY [t].[Id]
2019-03-14 11:50:16.4324|INFO|Microsoft.AspNetCore.Mvc.Internal.ControllerActionInvoker|Executed action method RestAPIStudyGuide.Controllers.Other.CitiesWithRepoController.GetCity (RestAPIStudyGuide), returned result Microsoft.AspNetCore.Mvc.OkObjectResult in 2961.9329ms.
2019-03-14 11:50:16.4324|INFO|Microsoft.AspNetCore.Mvc.Infrastructure.ObjectResultExecutor|Executing ObjectResult, writing value of type 'RestAPIStudyGuide.Models.Other.CityDto'.
2019-03-14 11:50:16.4770|INFO|Microsoft.AspNetCore.Mvc.Internal.ControllerActionInvoker|Executed action RestAPIStudyGuide.Controllers.Other.CitiesWithRepoController.GetCity (RestAPIStudyGuide) in 3098.8813ms
2019-03-14 11:50:16.4825|INFO|Microsoft.AspNetCore.Hosting.Internal.WebHost|Request finished in 3144.727ms 200 application/json; charset=utf-8
2019-03-14 11:54:46.5571|INFO|Microsoft.EntityFrameworkCore.Database.Command|Executed DbCommand (0ms) [Parameters=[], CommandType='Text', CommandTimeout='30']
SELECT CASE
    WHEN EXISTS (
        SELECT 1
        FROM [Cities] AS [c])
    THEN CAST(1 AS BIT) ELSE CAST(0 AS BIT)
END
2019-03-14 11:54:46.9669|INFO|Microsoft.AspNetCore.Hosting.Internal.WebHost|Request starting HTTP/1.1 DEBUG http://localhost:54908/  0
2019-03-14 11:54:46.9669|INFO|Microsoft.AspNetCore.Hosting.Internal.WebHost|Request starting HTTP/1.1 GET http://localhost:44320/  
2019-03-14 11:54:46.9965|INFO|Microsoft.AspNetCore.Hosting.Internal.WebHost|Request finished in 31.5835ms 200 
2019-03-14 11:54:47.0711|INFO|Microsoft.AspNetCore.Hosting.Internal.WebHost|Request finished in 107.2895ms 200 
2019-03-14 11:54:47.1062|INFO|Microsoft.AspNetCore.Hosting.Internal.WebHost|Request starting HTTP/1.1 GET http://localhost:44320/favicon.ico  
2019-03-14 11:54:47.1062|INFO|Microsoft.AspNetCore.Hosting.Internal.WebHost|Request finished in 3.2868ms 200 
2019-03-14 11:55:12.9183|INFO|Microsoft.AspNetCore.Hosting.Internal.WebHost|Request starting HTTP/1.1 GET http://localhost:54908/api/citiesWithRepo/1/pointsofinterest/1  
2019-03-14 11:55:12.9467|INFO|Microsoft.AspNetCore.Hosting.Internal.WebHost|Request finished in 4.8152ms 200 
2019-03-14 11:55:33.2141|INFO|Microsoft.AspNetCore.Hosting.Internal.WebHost|Request starting HTTP/1.1 GET http://localhost:54908/api/citiesWithRepo/1/pointsofinterest  
2019-03-14 11:55:33.2141|INFO|Microsoft.AspNetCore.Hosting.Internal.WebHost|Request finished in 3.5971ms 200 
2019-03-14 11:55:44.5488|INFO|Microsoft.AspNetCore.Hosting.Internal.WebHost|Request starting HTTP/1.1 GET http://localhost:54908/api/cities/1/pointsofinterest  
2019-03-14 11:55:44.5816|INFO|Microsoft.AspNetCore.Mvc.Internal.ControllerActionInvoker|Route matched with {action = "GetPointsOfInterest", controller = "PointsOfInterest"}. Executing action RestAPIStudyGuide.Controllers.Other.PointsOfInterestController.GetPointsOfInterest (RestAPIStudyGuide)
2019-03-14 11:55:44.6031|INFO|Microsoft.EntityFrameworkCore.Infrastructure|Entity Framework Core 2.1.8-servicing-32085 initialized 'CityInfoDBContext' using provider 'Microsoft.EntityFrameworkCore.SqlServer' with options: None
2019-03-14 11:55:44.6287|INFO|Microsoft.EntityFrameworkCore.Database.Command|Executed DbCommand (0ms) [Parameters=[], CommandType='Text', CommandTimeout='30']
SELECT OBJECT_ID(N'[__EFMigrationsHistory]');
2019-03-14 11:55:44.6287|INFO|Microsoft.EntityFrameworkCore.Database.Command|Executed DbCommand (0ms) [Parameters=[], CommandType='Text', CommandTimeout='30']
SELECT OBJECT_ID(N'[__EFMigrationsHistory]');
2019-03-14 11:55:44.6386|INFO|Microsoft.EntityFrameworkCore.Database.Command|Executed DbCommand (0ms) [Parameters=[], CommandType='Text', CommandTimeout='30']
SELECT [MigrationId], [ProductVersion]
FROM [__EFMigrationsHistory]
ORDER BY [MigrationId];
2019-03-14 11:55:44.6386|INFO|Microsoft.EntityFrameworkCore.Migrations|No migrations were applied. The database is already up to date.
2019-03-14 11:55:44.6663|INFO|Microsoft.AspNetCore.Mvc.Internal.ControllerActionInvoker|Executing action method RestAPIStudyGuide.Controllers.Other.PointsOfInterestController.GetPointsOfInterest (RestAPIStudyGuide) with arguments (1) - Validation state: Valid
2019-03-14 11:55:46.7540|INFO|Microsoft.EntityFrameworkCore.Database.Command|Executed DbCommand (1ms) [Parameters=[@__cityId_0='?' (DbType = Int32)], CommandType='Text', CommandTimeout='30']
SELECT CASE
    WHEN EXISTS (
        SELECT 1
        FROM [Cities] AS [city]
        WHERE [city].[Id] = @__cityId_0)
    THEN CAST(1 AS BIT) ELSE CAST(0 AS BIT)
END
2019-03-14 11:55:46.7854|INFO|Microsoft.EntityFrameworkCore.Database.Command|Executed DbCommand (1ms) [Parameters=[@__cityId_0='?' (DbType = Int32)], CommandType='Text', CommandTimeout='30']
SELECT [p].[Id], [p].[CityDtoId], [p].[Description], [p].[Name]
FROM [PointsOfInterest] AS [p]
WHERE [p].[Id] = @__cityId_0
2019-03-14 11:55:46.8509|INFO|Microsoft.AspNetCore.Mvc.Internal.ControllerActionInvoker|Executed action method RestAPIStudyGuide.Controllers.Other.PointsOfInterestController.GetPointsOfInterest (RestAPIStudyGuide), returned result Microsoft.AspNetCore.Mvc.OkObjectResult in 2179.429ms.
2019-03-14 11:55:46.8594|INFO|Microsoft.AspNetCore.Mvc.Infrastructure.ObjectResultExecutor|Executing ObjectResult, writing value of type 'System.Collections.Generic.List`1[[RestAPIStudyGuide.Models.Other.PointOfInterestDto, RestAPIStudyGuide, Version=1.0.0.0, Culture=neutral, PublicKeyToken=null]]'.
2019-03-14 11:55:46.8961|INFO|Microsoft.AspNetCore.Mvc.Internal.ControllerActionInvoker|Executed action RestAPIStudyGuide.Controllers.Other.PointsOfInterestController.GetPointsOfInterest (RestAPIStudyGuide) in 2309.4669ms
2019-03-14 11:55:46.9016|INFO|Microsoft.AspNetCore.Hosting.Internal.WebHost|Request finished in 2352.4262ms 200 application/json; charset=utf-8
2019-03-14 11:55:57.4685|INFO|Microsoft.AspNetCore.Hosting.Internal.WebHost|Request starting HTTP/1.1 GET http://localhost:54908/api/cities/1/pointsofinterest/1  
2019-03-14 11:55:57.4685|INFO|Microsoft.AspNetCore.Mvc.Internal.ControllerActionInvoker|Route matched with {action = "GetPointOfInterest", controller = "PointsOfInterest"}. Executing action RestAPIStudyGuide.Controllers.Other.PointsOfInterestController.GetPointOfInterest (RestAPIStudyGuide)
2019-03-14 11:55:57.4685|INFO|Microsoft.EntityFrameworkCore.Infrastructure|Entity Framework Core 2.1.8-servicing-32085 initialized 'CityInfoDBContext' using provider 'Microsoft.EntityFrameworkCore.SqlServer' with options: None
2019-03-14 11:55:57.4823|INFO|Microsoft.EntityFrameworkCore.Database.Command|Executed DbCommand (0ms) [Parameters=[], CommandType='Text', CommandTimeout='30']
SELECT OBJECT_ID(N'[__EFMigrationsHistory]');
2019-03-14 11:55:57.4823|INFO|Microsoft.EntityFrameworkCore.Database.Command|Executed DbCommand (0ms) [Parameters=[], CommandType='Text', CommandTimeout='30']
SELECT OBJECT_ID(N'[__EFMigrationsHistory]');
2019-03-14 11:55:57.4823|INFO|Microsoft.EntityFrameworkCore.Database.Command|Executed DbCommand (0ms) [Parameters=[], CommandType='Text', CommandTimeout='30']
SELECT [MigrationId], [ProductVersion]
FROM [__EFMigrationsHistory]
ORDER BY [MigrationId];
2019-03-14 11:55:57.4972|INFO|Microsoft.EntityFrameworkCore.Migrations|No migrations were applied. The database is already up to date.
2019-03-14 11:55:57.4972|INFO|Microsoft.AspNetCore.Mvc.Internal.ControllerActionInvoker|Executing action method RestAPIStudyGuide.Controllers.Other.PointsOfInterestController.GetPointOfInterest (RestAPIStudyGuide) with arguments (1, 1) - Validation state: Valid
2019-03-14 11:55:59.7126|INFO|Microsoft.EntityFrameworkCore.Database.Command|Executed DbCommand (0ms) [Parameters=[@__cityId_0='?' (DbType = Int32)], CommandType='Text', CommandTimeout='30']
SELECT CASE
    WHEN EXISTS (
        SELECT 1
        FROM [Cities] AS [city]
        WHERE [city].[Id] = @__cityId_0)
    THEN CAST(1 AS BIT) ELSE CAST(0 AS BIT)
END
2019-03-14 11:55:59.7241|INFO|Microsoft.EntityFrameworkCore.Database.Command|Executed DbCommand (1ms) [Parameters=[@__pointOfInterestId_0='?' (DbType = Int32)], CommandType='Text', CommandTimeout='30']
SELECT TOP(1) [p].[Id], [p].[CityDtoId], [p].[Description], [p].[Name]
FROM [PointsOfInterest] AS [p]
WHERE [p].[Id] = @__pointOfInterestId_0
2019-03-14 11:55:59.7308|INFO|Microsoft.AspNetCore.Mvc.Internal.ControllerActionInvoker|Executed action method RestAPIStudyGuide.Controllers.Other.PointsOfInterestController.GetPointOfInterest (RestAPIStudyGuide), returned result Microsoft.AspNetCore.Mvc.OkObjectResult in 2225.6739ms.
2019-03-14 11:55:59.7308|INFO|Microsoft.AspNetCore.Mvc.Infrastructure.ObjectResultExecutor|Executing ObjectResult, writing value of type 'RestAPIStudyGuide.Models.Other.PointOfInterestDto'.
2019-03-14 11:55:59.7308|INFO|Microsoft.AspNetCore.Mvc.Internal.ControllerActionInvoker|Executed action RestAPIStudyGuide.Controllers.Other.PointsOfInterestController.GetPointOfInterest (RestAPIStudyGuide) in 2261.9066ms
2019-03-14 11:55:59.7308|INFO|Microsoft.AspNetCore.Hosting.Internal.WebHost|Request finished in 2274.5236ms 200 application/json; charset=utf-8
2019-03-14 13:37:16.8997|INFO|Microsoft.EntityFrameworkCore.Database.Command|Executed DbCommand (0ms) [Parameters=[], CommandType='Text', CommandTimeout='30']
SELECT CASE
    WHEN EXISTS (
        SELECT 1
        FROM [Cities] AS [c])
    THEN CAST(1 AS BIT) ELSE CAST(0 AS BIT)
END
2019-03-14 13:37:17.3210|INFO|Microsoft.AspNetCore.Hosting.Internal.WebHost|Request starting HTTP/1.1 POST http://localhost:54908/api/cities/3/pointsofinterest application/json 118
2019-03-14 13:37:17.3930|INFO|Microsoft.AspNetCore.Mvc.Internal.ControllerActionInvoker|Route matched with {action = "CreatePointOfInterest", controller = "PointsOfInterest"}. Executing action RestAPIStudyGuide.Controllers.Other.PointsOfInterestController.CreatePointOfInterest (RestAPIStudyGuide)
2019-03-14 13:37:17.3930|INFO|Microsoft.EntityFrameworkCore.Infrastructure|Entity Framework Core 2.1.8-servicing-32085 initialized 'CityInfoDBContext' using provider 'Microsoft.EntityFrameworkCore.SqlServer' with options: None
2019-03-14 13:37:17.3930|INFO|Microsoft.EntityFrameworkCore.Database.Command|Executed DbCommand (0ms) [Parameters=[], CommandType='Text', CommandTimeout='30']
SELECT OBJECT_ID(N'[__EFMigrationsHistory]');
2019-03-14 13:37:17.3930|INFO|Microsoft.EntityFrameworkCore.Database.Command|Executed DbCommand (0ms) [Parameters=[], CommandType='Text', CommandTimeout='30']
SELECT OBJECT_ID(N'[__EFMigrationsHistory]');
2019-03-14 13:37:17.3930|INFO|Microsoft.EntityFrameworkCore.Database.Command|Executed DbCommand (0ms) [Parameters=[], CommandType='Text', CommandTimeout='30']
SELECT [MigrationId], [ProductVersion]
FROM [__EFMigrationsHistory]
ORDER BY [MigrationId];
2019-03-14 13:37:17.4014|INFO|Microsoft.EntityFrameworkCore.Migrations|No migrations were applied. The database is already up to date.
2019-03-14 13:37:17.4649|INFO|Microsoft.AspNetCore.Mvc.Internal.ControllerActionInvoker|Executing action method RestAPIStudyGuide.Controllers.Other.PointsOfInterestController.CreatePointOfInterest (RestAPIStudyGuide) with arguments (3, RestAPIStudyGuide.Models.Other.PointOfInterestForCreationDto) - Validation state: Valid
2019-03-14 13:37:17.5095|INFO|Microsoft.EntityFrameworkCore.Database.Command|Executed DbCommand (0ms) [Parameters=[@__cityId_0='?' (DbType = Int32)], CommandType='Text', CommandTimeout='30']
SELECT CASE
    WHEN EXISTS (
        SELECT 1
        FROM [Cities] AS [city]
        WHERE [city].[Id] = @__cityId_0)
    THEN CAST(1 AS BIT) ELSE CAST(0 AS BIT)
END
2019-03-14 13:37:17.5336|INFO|Microsoft.AspNetCore.Mvc.Internal.ControllerActionInvoker|Executed action RestAPIStudyGuide.Controllers.Other.PointsOfInterestController.CreatePointOfInterest (RestAPIStudyGuide) in 138.5267ms
2019-03-14 13:37:17.5982|ERROR|Microsoft.AspNetCore.Diagnostics.DeveloperExceptionPageMiddleware|An unhandled exception has occurred while executing the request.
2019-03-14 13:37:17.6309|INFO|Microsoft.AspNetCore.Hosting.Internal.WebHost|Request finished in 310.1017ms 500 text/html; charset=utf-8
2019-03-14 13:37:22.2922|INFO|Microsoft.EntityFrameworkCore.Database.Command|Executed DbCommand (0ms) [Parameters=[], CommandType='Text', CommandTimeout='30']
SELECT CASE
    WHEN EXISTS (
        SELECT 1
        FROM [Cities] AS [c])
    THEN CAST(1 AS BIT) ELSE CAST(0 AS BIT)
END
2019-03-14 13:37:22.7352|INFO|Microsoft.AspNetCore.Hosting.Internal.WebHost|Request starting HTTP/1.1 GET http://localhost:44320/  
2019-03-14 13:37:22.7352|INFO|Microsoft.AspNetCore.Hosting.Internal.WebHost|Request starting HTTP/1.1 DEBUG http://localhost:54908/  0
2019-03-14 13:37:22.7647|INFO|Microsoft.AspNetCore.Hosting.Internal.WebHost|Request finished in 31.4889ms 200 
2019-03-14 13:37:22.8434|INFO|Microsoft.AspNetCore.Hosting.Internal.WebHost|Request finished in 111.062ms 200 
2019-03-14 13:37:22.8565|INFO|Microsoft.AspNetCore.Hosting.Internal.WebHost|Request starting HTTP/1.1 GET http://localhost:44320/favicon.ico  
2019-03-14 13:37:22.8565|INFO|Microsoft.AspNetCore.Hosting.Internal.WebHost|Request finished in 3.601ms 200 
2019-03-14 13:37:25.4660|INFO|Microsoft.AspNetCore.Hosting.Internal.WebHost|Request starting HTTP/1.1 POST http://localhost:54908/api/cities/3/pointsofinterest application/json 118
2019-03-14 13:37:25.4967|INFO|Microsoft.AspNetCore.Mvc.Internal.ControllerActionInvoker|Route matched with {action = "CreatePointOfInterest", controller = "PointsOfInterest"}. Executing action RestAPIStudyGuide.Controllers.Other.PointsOfInterestController.CreatePointOfInterest (RestAPIStudyGuide)
2019-03-14 13:37:25.5168|INFO|Microsoft.EntityFrameworkCore.Infrastructure|Entity Framework Core 2.1.8-servicing-32085 initialized 'CityInfoDBContext' using provider 'Microsoft.EntityFrameworkCore.SqlServer' with options: None
2019-03-14 13:37:25.5445|INFO|Microsoft.EntityFrameworkCore.Database.Command|Executed DbCommand (0ms) [Parameters=[], CommandType='Text', CommandTimeout='30']
SELECT OBJECT_ID(N'[__EFMigrationsHistory]');
2019-03-14 13:37:25.5445|INFO|Microsoft.EntityFrameworkCore.Database.Command|Executed DbCommand (0ms) [Parameters=[], CommandType='Text', CommandTimeout='30']
SELECT OBJECT_ID(N'[__EFMigrationsHistory]');
2019-03-14 13:37:25.5445|INFO|Microsoft.EntityFrameworkCore.Database.Command|Executed DbCommand (0ms) [Parameters=[], CommandType='Text', CommandTimeout='30']
SELECT [MigrationId], [ProductVersion]
FROM [__EFMigrationsHistory]
ORDER BY [MigrationId];
2019-03-14 13:37:25.5592|INFO|Microsoft.EntityFrameworkCore.Migrations|No migrations were applied. The database is already up to date.
2019-03-14 13:37:25.6246|INFO|Microsoft.AspNetCore.Mvc.Internal.ControllerActionInvoker|Executing action method RestAPIStudyGuide.Controllers.Other.PointsOfInterestController.CreatePointOfInterest (RestAPIStudyGuide) with arguments (3, RestAPIStudyGuide.Models.Other.PointOfInterestForCreationDto) - Validation state: Valid
2019-03-14 13:37:25.6718|INFO|Microsoft.EntityFrameworkCore.Database.Command|Executed DbCommand (1ms) [Parameters=[@__cityId_0='?' (DbType = Int32)], CommandType='Text', CommandTimeout='30']
SELECT CASE
    WHEN EXISTS (
        SELECT 1
        FROM [Cities] AS [city]
        WHERE [city].[Id] = @__cityId_0)
    THEN CAST(1 AS BIT) ELSE CAST(0 AS BIT)
END
